{"/Users/jamesmeng/Desktop/code/Jira-typescript/src/config.ts": {"path":"/Users/jamesmeng/Desktop/code/Jira-typescript/src/config.ts","statementMap":{"0":{"start":{"line":1,"column":16},"end":{"line":1,"column":45}},"1":{"start":{"line":12,"column":2},"end":{"line":12,"column":9}},"2":{"start":{"line":2,"column":24},"end":{"line":2,"column":43}},"3":{"start":{"line":13,"column":2},"end":{"line":13,"column":17}},"4":{"start":{"line":3,"column":26},"end":{"line":3,"column":49}},"5":{"start":{"line":14,"column":2},"end":{"line":14,"column":19}},"6":{"start":{"line":4,"column":18},"end":{"line":4,"column":35}},"7":{"start":{"line":15,"column":2},"end":{"line":15,"column":11}},"8":{"start":{"line":5,"column":15},"end":{"line":5,"column":29}},"9":{"start":{"line":16,"column":2},"end":{"line":16,"column":8}},"10":{"start":{"line":6,"column":15},"end":{"line":6,"column":29}},"11":{"start":{"line":17,"column":2},"end":{"line":17,"column":8}},"12":{"start":{"line":7,"column":23},"end":{"line":7,"column":39}},"13":{"start":{"line":18,"column":2},"end":{"line":18,"column":16}},"14":{"start":{"line":8,"column":15},"end":{"line":8,"column":29}},"15":{"start":{"line":19,"column":2},"end":{"line":19,"column":8}},"16":{"start":{"line":9,"column":19},"end":{"line":9,"column":39}},"17":{"start":{"line":20,"column":2},"end":{"line":20,"column":12}},"18":{"start":{"line":10,"column":14},"end":{"line":10,"column":29}},"19":{"start":{"line":21,"column":2},"end":{"line":21,"column":7}}},"fnMap":{},"branchMap":{},"s":{"0":1,"1":1,"2":1,"3":1,"4":1,"5":1,"6":1,"7":1,"8":1,"9":1,"10":1,"11":1,"12":1,"13":1,"14":1,"15":1,"16":1,"17":1,"18":1,"19":1},"f":{},"b":{}}
,"/Users/jamesmeng/Desktop/code/Jira-typescript/src/api/http.ts": {"path":"/Users/jamesmeng/Desktop/code/Jira-typescript/src/api/http.ts","statementMap":{"0":{"start":{"line":1,"column":0},"end":{"line":1,"column":41}},"1":{"start":{"line":14,"column":20},"end":{"line":36,"column":2}},"2":{"start":{"line":15,"column":8},"end":{"line":15,"column":null}},"3":{"start":{"line":16,"column":5},"end":{"line":16,"column":null}},"4":{"start":{"line":17,"column":6},"end":{"line":17,"column":null}},"5":{"start":{"line":18,"column":8},"end":{"line":18,"column":null}},"6":{"start":{"line":22,"column":2},"end":{"line":22,"column":32}},"7":{"start":{"line":23,"column":2},"end":{"line":34,"column":null}},"8":{"start":{"line":25,"column":6},"end":{"line":25,"column":64}},"9":{"start":{"line":27,"column":6},"end":{"line":27,"column":57}},"10":{"start":{"line":29,"column":6},"end":{"line":29,"column":56}},"11":{"start":{"line":31,"column":6},"end":{"line":31,"column":67}},"12":{"start":{"line":33,"column":6},"end":{"line":33,"column":64}},"13":{"start":{"line":14,"column":13},"end":{"line":14,"column":20}}},"fnMap":{"0":{"name":"(anonymous_15)","decl":{"start":{"line":14,"column":20},"end":{"line":14,"column":27}},"loc":{"start":{"line":19,"column":6},"end":{"line":36,"column":2}}}},"branchMap":{"0":{"loc":{"start":{"line":23,"column":2},"end":{"line":34,"column":null}},"type":"switch","locations":[{"start":{"line":24,"column":4},"end":{"line":25,"column":64}},{"start":{"line":26,"column":4},"end":{"line":27,"column":57}},{"start":{"line":28,"column":4},"end":{"line":29,"column":56}},{"start":{"line":30,"column":4},"end":{"line":31,"column":67}},{"start":{"line":32,"column":4},"end":{"line":33,"column":64}}]}},"s":{"0":1,"1":1,"2":1,"3":1,"4":1,"5":1,"6":1,"7":1,"8":1,"9":0,"10":0,"11":0,"12":0,"13":1},"f":{"0":1},"b":{"0":[1,0,0,0,0]}}
,"/Users/jamesmeng/Desktop/code/Jira-typescript/src/api/request.ts": {"path":"/Users/jamesmeng/Desktop/code/Jira-typescript/src/api/request.ts","statementMap":{"0":{"start":{"line":7,"column":0},"end":{"line":7,"column":92}},"1":{"start":{"line":8,"column":0},"end":{"line":8,"column":20}},"2":{"start":{"line":10,"column":0},"end":{"line":10,"column":31}},"3":{"start":{"line":13,"column":0},"end":{"line":13,"column":39}},"4":{"start":{"line":15,"column":0},"end":{"line":15,"column":36}},"5":{"start":{"line":17,"column":0},"end":{"line":17,"column":46}},"6":{"start":{"line":25,"column":17},"end":{"line":25,"column":24}},"7":{"start":{"line":27,"column":16},"end":{"line":27,"column":22}},"8":{"start":{"line":34,"column":36},"end":{"line":60,"column":2}},"9":{"start":{"line":145,"column":9},"end":{"line":145,"column":21}},"10":{"start":{"line":67,"column":0},"end":{"line":103,"column":2}},"11":{"start":{"line":78,"column":4},"end":{"line":78,"column":42}},"12":{"start":{"line":80,"column":18},"end":{"line":80,"column":57}},"13":{"start":{"line":83,"column":4},"end":{"line":85,"column":null}},"14":{"start":{"line":84,"column":6},"end":{"line":84,"column":43}},"15":{"start":{"line":87,"column":4},"end":{"line":89,"column":null}},"16":{"start":{"line":88,"column":6},"end":{"line":88,"column":46}},"17":{"start":{"line":90,"column":4},"end":{"line":90,"column":18}},"18":{"start":{"line":94,"column":25},"end":{"line":94,"column":31}},"19":{"start":{"line":95,"column":4},"end":{"line":99,"column":null}},"20":{"start":{"line":97,"column":6},"end":{"line":97,"column":35}},"21":{"start":{"line":100,"column":4},"end":{"line":100,"column":42}},"22":{"start":{"line":110,"column":0},"end":{"line":142,"column":2}},"23":{"start":{"line":113,"column":4},"end":{"line":119,"column":null}},"24":{"start":{"line":116,"column":6},"end":{"line":116,"column":78}},"25":{"start":{"line":117,"column":11},"end":{"line":119,"column":null}},"26":{"start":{"line":118,"column":6},"end":{"line":118,"column":67}},"27":{"start":{"line":121,"column":4},"end":{"line":123,"column":null}},"28":{"start":{"line":122,"column":6},"end":{"line":122,"column":27}},"29":{"start":{"line":124,"column":4},"end":{"line":124,"column":25}},"30":{"start":{"line":126,"column":4},"end":{"line":126,"column":33}},"31":{"start":{"line":127,"column":4},"end":{"line":127,"column":27}},"32":{"start":{"line":132,"column":25},"end":{"line":132,"column":31}},"33":{"start":{"line":133,"column":4},"end":{"line":137,"column":null}},"34":{"start":{"line":135,"column":6},"end":{"line":135,"column":35}},"35":{"start":{"line":136,"column":6},"end":{"line":136,"column":43}},"36":{"start":{"line":138,"column":4},"end":{"line":138,"column":42}}},"fnMap":{"0":{"name":"(anonymous_1)","decl":{"start":{"line":70,"column":2},"end":{"line":70,"column":3}},"loc":{"start":{"line":70,"column":29},"end":{"line":91,"column":3}}},"1":{"name":"(anonymous_2)","decl":{"start":{"line":93,"column":2},"end":{"line":93,"column":3}},"loc":{"start":{"line":93,"column":20},"end":{"line":102,"column":3}}},"2":{"name":"(anonymous_3)","decl":{"start":{"line":111,"column":2},"end":{"line":111,"column":3}},"loc":{"start":{"line":111,"column":26},"end":{"line":129,"column":3}}},"3":{"name":"(anonymous_4)","decl":{"start":{"line":131,"column":2},"end":{"line":131,"column":3}},"loc":{"start":{"line":131,"column":20},"end":{"line":140,"column":3}}}},"branchMap":{"0":{"loc":{"start":{"line":78,"column":21},"end":{"line":78,"column":41}},"type":"cond-expr","locations":[{"start":{"line":78,"column":35},"end":{"line":78,"column":39}},{"start":{"line":78,"column":39},"end":{"line":78,"column":41}}]},"1":{"loc":{"start":{"line":78,"column":21},"end":{"line":78,"column":39}},"type":"binary-expr","locations":[{"start":{"line":78,"column":21},"end":{"line":78,"column":39}},{"start":{"line":78,"column":35},"end":{"line":78,"column":39}}]},"2":{"loc":{"start":{"line":83,"column":4},"end":{"line":85,"column":null}},"type":"if","locations":[{"start":{"line":83,"column":4},"end":{"line":85,"column":null}}]},"3":{"loc":{"start":{"line":87,"column":4},"end":{"line":89,"column":null}},"type":"if","locations":[{"start":{"line":87,"column":4},"end":{"line":89,"column":null}}]},"4":{"loc":{"start":{"line":87,"column":8},"end":{"line":87,"column":36}},"type":"cond-expr","locations":[{"start":{"line":87,"column":21},"end":{"line":87,"column":23}},{"start":{"line":87,"column":21},"end":{"line":87,"column":36}}]},"5":{"loc":{"start":{"line":87,"column":8},"end":{"line":87,"column":23}},"type":"binary-expr","locations":[{"start":{"line":87,"column":8},"end":{"line":87,"column":23}},{"start":{"line":87,"column":21},"end":{"line":87,"column":23}}]},"6":{"loc":{"start":{"line":95,"column":4},"end":{"line":99,"column":null}},"type":"if","locations":[{"start":{"line":95,"column":4},"end":{"line":99,"column":null}}]},"7":{"loc":{"start":{"line":100,"column":26},"end":{"line":100,"column":40}},"type":"cond-expr","locations":[{"start":{"line":100,"column":34},"end":{"line":100,"column":36}},{"start":{"line":100,"column":26},"end":{"line":100,"column":40}}]},"8":{"loc":{"start":{"line":100,"column":26},"end":{"line":100,"column":36}},"type":"binary-expr","locations":[{"start":{"line":100,"column":26},"end":{"line":100,"column":36}},{"start":{"line":100,"column":26},"end":{"line":100,"column":36}}]},"9":{"loc":{"start":{"line":113,"column":4},"end":{"line":119,"column":null}},"type":"if","locations":[{"start":{"line":113,"column":4},"end":{"line":119,"column":null}},{"start":{"line":117,"column":11},"end":{"line":119,"column":null}}]},"10":{"loc":{"start":{"line":117,"column":11},"end":{"line":119,"column":null}},"type":"if","locations":[{"start":{"line":117,"column":11},"end":{"line":119,"column":null}}]},"11":{"loc":{"start":{"line":117,"column":15},"end":{"line":117,"column":51}},"type":"binary-expr","locations":[{"start":{"line":117,"column":15},"end":{"line":117,"column":28}},{"start":{"line":117,"column":32},"end":{"line":117,"column":51}}]},"12":{"loc":{"start":{"line":121,"column":4},"end":{"line":123,"column":null}},"type":"if","locations":[{"start":{"line":121,"column":4},"end":{"line":123,"column":null}}]},"13":{"loc":{"start":{"line":133,"column":4},"end":{"line":137,"column":null}},"type":"if","locations":[{"start":{"line":133,"column":4},"end":{"line":137,"column":null}}]}},"s":{"0":1,"1":1,"2":1,"3":1,"4":1,"5":1,"6":1,"7":1,"8":1,"9":1,"10":1,"11":1,"12":1,"13":1,"14":0,"15":1,"16":0,"17":1,"18":0,"19":0,"20":0,"21":0,"22":1,"23":0,"24":0,"25":0,"26":0,"27":0,"28":0,"29":0,"30":0,"31":0,"32":1,"33":1,"34":1,"35":1,"36":0},"f":{"0":1,"1":0,"2":0,"3":1},"b":{"0":[1,0],"1":[1,1],"2":[0],"3":[0],"4":[0,1],"5":[1,1],"6":[0],"7":[0,0],"8":[0,0],"9":[0,0],"10":[0],"11":[0,0],"12":[0],"13":[1]}}
,"/Users/jamesmeng/Desktop/code/Jira-typescript/src/api/status.ts": {"path":"/Users/jamesmeng/Desktop/code/Jira-typescript/src/api/status.ts","statementMap":{"0":{"start":{"line":1,"column":27},"end":{"line":41,"column":1}},"1":{"start":{"line":2,"column":16},"end":{"line":2,"column":18}},"2":{"start":{"line":3,"column":2},"end":{"line":39,"column":null}},"3":{"start":{"line":5,"column":6},"end":{"line":5,"column":28}},"4":{"start":{"line":6,"column":6},"end":{"line":6,"column":12}},"5":{"start":{"line":8,"column":6},"end":{"line":8,"column":33}},"6":{"start":{"line":9,"column":6},"end":{"line":9,"column":12}},"7":{"start":{"line":11,"column":6},"end":{"line":11,"column":28}},"8":{"start":{"line":12,"column":6},"end":{"line":12,"column":12}},"9":{"start":{"line":14,"column":6},"end":{"line":14,"column":28}},"10":{"start":{"line":15,"column":6},"end":{"line":15,"column":12}},"11":{"start":{"line":17,"column":6},"end":{"line":17,"column":28}},"12":{"start":{"line":18,"column":6},"end":{"line":18,"column":12}},"13":{"start":{"line":20,"column":6},"end":{"line":20,"column":29}},"14":{"start":{"line":21,"column":6},"end":{"line":21,"column":12}},"15":{"start":{"line":23,"column":6},"end":{"line":23,"column":29}},"16":{"start":{"line":24,"column":6},"end":{"line":24,"column":12}},"17":{"start":{"line":26,"column":6},"end":{"line":26,"column":28}},"18":{"start":{"line":27,"column":6},"end":{"line":27,"column":12}},"19":{"start":{"line":29,"column":6},"end":{"line":29,"column":29}},"20":{"start":{"line":30,"column":6},"end":{"line":30,"column":12}},"21":{"start":{"line":32,"column":6},"end":{"line":32,"column":28}},"22":{"start":{"line":33,"column":6},"end":{"line":33,"column":12}},"23":{"start":{"line":35,"column":6},"end":{"line":35,"column":34}},"24":{"start":{"line":36,"column":6},"end":{"line":36,"column":12}},"25":{"start":{"line":38,"column":6},"end":{"line":38,"column":35}},"26":{"start":{"line":40,"column":2},"end":{"line":40,"column":35}},"27":{"start":{"line":1,"column":13},"end":{"line":1,"column":27}}},"fnMap":{"0":{"name":"(anonymous_0)","decl":{"start":{"line":1,"column":27},"end":{"line":1,"column":28}},"loc":{"start":{"line":1,"column":51},"end":{"line":41,"column":1}}}},"branchMap":{"0":{"loc":{"start":{"line":3,"column":2},"end":{"line":39,"column":null}},"type":"switch","locations":[{"start":{"line":4,"column":4},"end":{"line":6,"column":12}},{"start":{"line":7,"column":4},"end":{"line":9,"column":12}},{"start":{"line":10,"column":4},"end":{"line":12,"column":12}},{"start":{"line":13,"column":4},"end":{"line":15,"column":12}},{"start":{"line":16,"column":4},"end":{"line":18,"column":12}},{"start":{"line":19,"column":4},"end":{"line":21,"column":12}},{"start":{"line":22,"column":4},"end":{"line":24,"column":12}},{"start":{"line":25,"column":4},"end":{"line":27,"column":12}},{"start":{"line":28,"column":4},"end":{"line":30,"column":12}},{"start":{"line":31,"column":4},"end":{"line":33,"column":12}},{"start":{"line":34,"column":4},"end":{"line":36,"column":12}},{"start":{"line":37,"column":4},"end":{"line":38,"column":35}}]}},"s":{"0":1,"1":1,"2":1,"3":0,"4":0,"5":0,"6":0,"7":0,"8":0,"9":0,"10":0,"11":0,"12":0,"13":0,"14":0,"15":0,"16":0,"17":0,"18":0,"19":0,"20":0,"21":0,"22":0,"23":0,"24":0,"25":1,"26":1,"27":1},"f":{"0":1},"b":{"0":[0,0,0,0,0,0,0,0,0,0,0,1]}}
}
