TN:
SF:src/config.ts
FNF:0
FNH:0
DA:1,1
DA:2,1
DA:3,1
DA:4,1
DA:5,1
DA:6,1
DA:7,1
DA:8,1
DA:9,1
DA:10,1
DA:12,1
DA:13,1
DA:14,1
DA:15,1
DA:16,1
DA:17,1
DA:18,1
DA:19,1
DA:20,1
DA:21,1
LF:20
LH:20
BRF:0
BRH:0
end_of_record
TN:
SF:src/api/http.ts
FN:14,(anonymous_15)
FNF:1
FNH:1
FNDA:1,(anonymous_15)
DA:1,1
DA:14,1
DA:15,1
DA:16,1
DA:17,1
DA:18,1
DA:22,1
DA:23,1
DA:25,1
DA:27,0
DA:29,0
DA:31,0
DA:33,0
LF:13
LH:9
BRDA:23,0,0,1
BRDA:23,0,1,0
BRDA:23,0,2,0
BRDA:23,0,3,0
BRDA:23,0,4,0
BRF:5
BRH:1
end_of_record
TN:
SF:src/api/request.ts
FN:70,(anonymous_1)
FN:93,(anonymous_2)
FN:111,(anonymous_3)
FN:131,(anonymous_4)
FNF:4
FNH:2
FNDA:1,(anonymous_1)
FNDA:0,(anonymous_2)
FNDA:0,(anonymous_3)
FNDA:1,(anonymous_4)
DA:7,1
DA:8,1
DA:10,1
DA:13,1
DA:15,1
DA:17,1
DA:25,1
DA:27,1
DA:34,1
DA:67,1
DA:78,1
DA:80,1
DA:83,1
DA:84,0
DA:87,1
DA:88,0
DA:90,1
DA:94,0
DA:95,0
DA:97,0
DA:100,0
DA:110,1
DA:113,0
DA:116,0
DA:117,0
DA:118,0
DA:121,0
DA:122,0
DA:124,0
DA:126,0
DA:127,0
DA:132,1
DA:133,1
DA:135,1
DA:136,1
DA:138,0
DA:145,1
LF:37
LH:21
BRDA:78,0,0,1
BRDA:78,0,1,0
BRDA:78,1,0,1
BRDA:78,1,1,1
BRDA:83,2,0,0
BRDA:87,3,0,0
BRDA:87,4,0,0
BRDA:87,4,1,1
BRDA:87,5,0,1
BRDA:87,5,1,1
BRDA:95,6,0,0
BRDA:100,7,0,0
BRDA:100,7,1,0
BRDA:100,8,0,0
BRDA:100,8,1,0
BRDA:113,9,0,0
BRDA:113,9,1,0
BRDA:117,10,0,0
BRDA:117,11,0,0
BRDA:117,11,1,0
BRDA:121,12,0,0
BRDA:133,13,0,1
BRF:22
BRH:7
end_of_record
TN:
SF:src/api/status.ts
FN:1,(anonymous_0)
FNF:1
FNH:1
FNDA:1,(anonymous_0)
DA:1,1
DA:2,1
DA:3,1
DA:5,0
DA:6,0
DA:8,0
DA:9,0
DA:11,0
DA:12,0
DA:14,0
DA:15,0
DA:17,0
DA:18,0
DA:20,0
DA:21,0
DA:23,0
DA:24,0
DA:26,0
DA:27,0
DA:29,0
DA:30,0
DA:32,0
DA:33,0
DA:35,0
DA:36,0
DA:38,1
DA:40,1
LF:27
LH:5
BRDA:3,0,0,0
BRDA:3,0,1,0
BRDA:3,0,2,0
BRDA:3,0,3,0
BRDA:3,0,4,0
BRDA:3,0,5,0
BRDA:3,0,6,0
BRDA:3,0,7,0
BRDA:3,0,8,0
BRDA:3,0,9,0
BRDA:3,0,10,0
BRDA:3,0,11,1
BRF:12
BRH:1
end_of_record
